2017-05-11 12:03:35,175 INFO  com.capitalone.dashboard.Application - Starting Application v2.0.5-SNAPSHOT on PATRAG3 with PID 11172 (C:\HYGIEIA ORIGINAL\Hygieia-master\collectors\scm\github\target\github-scm-collector-2.0.5-SNAPSHOT.jar started by patrag in C:\HYGIEIA ORIGINAL\Hygieia-master\collectors\scm\github\target)
2017-05-11 12:03:35,282 INFO  o.s.c.a.AnnotationConfigApplicationContext - Refreshing org.springframework.context.annotation.AnnotationConfigApplicationContext@537f44f1: startup date [Thu May 11 12:03:35 IST 2017]; root of context hierarchy
2017-05-11 12:03:36,911 INFO  c.u.j.EnableEncryptablePropertySourcesPostProcessor - Post-processing PropertySource instances
2017-05-11 12:03:36,953 INFO  c.u.j.c.StringEncryptorConfiguration - String Encryptor custom Bean not found with name 'jasyptStringEncryptor'. Initializing String Encryptor based on properties with name 'jasyptStringEncryptor'
2017-05-11 12:03:36,972 INFO  c.u.j.EnableEncryptablePropertySourcesPostProcessor - Converting PropertySource commandLineArgs [org.springframework.core.env.SimpleCommandLinePropertySource] to EncryptableEnumerablePropertySourceWrapper
2017-05-11 12:03:36,982 INFO  c.u.j.EnableEncryptablePropertySourcesPostProcessor - Converting PropertySource systemProperties [org.springframework.core.env.MapPropertySource] to EncryptableMapPropertySourceWrapper
2017-05-11 12:03:36,993 INFO  c.u.j.EnableEncryptablePropertySourcesPostProcessor - Converting PropertySource systemEnvironment [org.springframework.core.env.SystemEnvironmentPropertySource] to EncryptableMapPropertySourceWrapper
2017-05-11 12:03:37,005 INFO  c.u.j.EnableEncryptablePropertySourcesPostProcessor - Converting PropertySource random [org.springframework.boot.context.config.RandomValuePropertySource] to EncryptablePropertySourceWrapper
2017-05-11 12:03:37,020 INFO  c.u.j.EnableEncryptablePropertySourcesPostProcessor - Converting PropertySource applicationConfig: [file:dashboard.properties] [org.springframework.core.env.PropertiesPropertySource] to EncryptableMapPropertySourceWrapper
2017-05-11 12:03:37,063 INFO  o.s.b.f.a.AutowiredAnnotationBeanPostProcessor - JSR-330 'javax.inject.Inject' annotation found and supported for autowiring
2017-05-11 12:03:37,310 INFO  o.h.validator.internal.util.Version - HV000001: Hibernate Validator 5.1.3.Final
2017-05-11 12:03:39,799 INFO  o.s.s.c.ThreadPoolTaskScheduler - Initializing ExecutorService  'taskScheduler'
2017-05-11 12:03:40,100 INFO  c.c.dashboard.config.MongoConfig - ReplicaSetfalse
2017-05-11 12:03:40,107 INFO  c.c.dashboard.config.MongoConfig - Initializing Mongo Client server at: localhost:27017
2017-05-11 12:03:41,410 INFO  org.mongodb.driver.cluster - Cluster created with settings {hosts=[localhost:27017], mode=SINGLE, requiredClusterType=UNKNOWN, serverSelectionTimeout='30000 ms', maxWaitQueueSize=500}
2017-05-11 12:03:41,607 INFO  c.c.dashboard.config.MongoConfig - Connecting to Mongo: Mongo{options=MongoClientOptions{description='null', readPreference=primary, writeConcern=WriteConcern{w=1, wtimeout=0, fsync=false, j=false, codecRegistry=org.bson.codecs.configuration.ProvidersCodecRegistry@c8ed842f, minConnectionsPerHost=0, maxConnectionsPerHost=100, threadsAllowedToBlockForConnectionMultiplier=5, serverSelectionTimeout=30000, maxWaitTime=120000, maxConnectionIdleTime=0, maxConnectionLifeTime=0, connectTimeout=10000, socketTimeout=0, socketKeepAlive=false, sslEnabled=false, sslInvalidHostNamesAllowed=false, alwaysUseMBeans=false, heartbeatFrequency=10000, minHeartbeatFrequency=500, heartbeatConnectTimeout=20000, heartbeatSocketTimeout=20000, localThreshold=15, requiredReplicaSetName='null', dbDecoderFactory=com.mongodb.DefaultDBDecoder$1@28cb9e91, dbEncoderFactory=com.mongodb.DefaultDBEncoder$1@2c628222, socketFactory=javax.net.DefaultSocketFactory@217669b5, cursorFinalizerEnabled=true, connectionPoolSettings=ConnectionPoolSettings{maxSize=100, minSize=0, maxWaitQueueSize=500, maxWaitTimeMS=120000, maxConnectionLifeTimeMS=0, maxConnectionIdleTimeMS=0, maintenanceInitialDelayMS=0, maintenanceFrequencyMS=60000}, socketSettings=SocketSettings{connectTimeoutMS=10000, readTimeoutMS=0, keepAlive=false, receiveBufferSize=0, sendBufferSize=0}, serverSettings=ServerSettings{heartbeatFrequencyMS=10000, minHeartbeatFrequencyMS=500}, heartbeatSocketSettings=SocketSettings{connectTimeoutMS=20000, readTimeoutMS=20000, keepAlive=false, receiveBufferSize=0, sendBufferSize=0}}}
2017-05-11 12:03:41,981 INFO  org.mongodb.driver.connection - Opened connection [connectionId{localValue:1, serverValue:164}] to localhost:27017
2017-05-11 12:03:41,990 INFO  org.mongodb.driver.cluster - Monitor thread successfully connected to server with description ServerDescription{address=localhost:27017, type=STANDALONE, state=CONNECTED, ok=true, version=ServerVersion{versionList=[3, 4, 2]}, minWireVersion=0, maxWireVersion=5, electionId=null, maxDocumentSize=16777216, roundTripTimeNanos=1071407}
2017-05-11 12:03:42,517 INFO  org.mongodb.driver.connection - Opened connection [connectionId{localValue:2, serverValue:165}] to localhost:27017
2017-05-11 12:03:42,808 INFO  c.c.dashboard.config.MongoConfig - ReplicaSetfalse
2017-05-11 12:03:42,810 INFO  c.c.dashboard.config.MongoConfig - Initializing Mongo Client server at: localhost:27017
2017-05-11 12:03:42,815 INFO  org.mongodb.driver.cluster - Cluster created with settings {hosts=[localhost:27017], mode=SINGLE, requiredClusterType=UNKNOWN, serverSelectionTimeout='30000 ms', maxWaitQueueSize=500}
2017-05-11 12:03:42,826 INFO  c.c.dashboard.config.MongoConfig - Connecting to Mongo: Mongo{options=MongoClientOptions{description='null', readPreference=primary, writeConcern=WriteConcern{w=1, wtimeout=0, fsync=false, j=false, codecRegistry=org.bson.codecs.configuration.ProvidersCodecRegistry@c8ed842f, minConnectionsPerHost=0, maxConnectionsPerHost=100, threadsAllowedToBlockForConnectionMultiplier=5, serverSelectionTimeout=30000, maxWaitTime=120000, maxConnectionIdleTime=0, maxConnectionLifeTime=0, connectTimeout=10000, socketTimeout=0, socketKeepAlive=false, sslEnabled=false, sslInvalidHostNamesAllowed=false, alwaysUseMBeans=false, heartbeatFrequency=10000, minHeartbeatFrequency=500, heartbeatConnectTimeout=20000, heartbeatSocketTimeout=20000, localThreshold=15, requiredReplicaSetName='null', dbDecoderFactory=com.mongodb.DefaultDBDecoder$1@28cb9e91, dbEncoderFactory=com.mongodb.DefaultDBEncoder$1@2c628222, socketFactory=javax.net.DefaultSocketFactory@217669b5, cursorFinalizerEnabled=true, connectionPoolSettings=ConnectionPoolSettings{maxSize=100, minSize=0, maxWaitQueueSize=500, maxWaitTimeMS=120000, maxConnectionLifeTimeMS=0, maxConnectionIdleTimeMS=0, maintenanceInitialDelayMS=0, maintenanceFrequencyMS=60000}, socketSettings=SocketSettings{connectTimeoutMS=10000, readTimeoutMS=0, keepAlive=false, receiveBufferSize=0, sendBufferSize=0}, serverSettings=ServerSettings{heartbeatFrequencyMS=10000, minHeartbeatFrequencyMS=500}, heartbeatSocketSettings=SocketSettings{connectTimeoutMS=20000, readTimeoutMS=20000, keepAlive=false, receiveBufferSize=0, sendBufferSize=0}}}
2017-05-11 12:03:42,852 INFO  org.mongodb.driver.connection - Opened connection [connectionId{localValue:3, serverValue:166}] to localhost:27017
2017-05-11 12:03:42,894 INFO  org.mongodb.driver.cluster - Monitor thread successfully connected to server with description ServerDescription{address=localhost:27017, type=STANDALONE, state=CONNECTED, ok=true, version=ServerVersion{versionList=[3, 4, 2]}, minWireVersion=0, maxWireVersion=5, electionId=null, maxDocumentSize=16777216, roundTripTimeNanos=665679}
2017-05-11 12:03:42,899 INFO  c.c.dashboard.config.MongoConfig - ReplicaSetfalse
2017-05-11 12:03:42,915 INFO  c.c.dashboard.config.MongoConfig - Initializing Mongo Client server at: localhost:27017
2017-05-11 12:03:42,920 INFO  org.mongodb.driver.cluster - Cluster created with settings {hosts=[localhost:27017], mode=SINGLE, requiredClusterType=UNKNOWN, serverSelectionTimeout='30000 ms', maxWaitQueueSize=500}
2017-05-11 12:03:42,931 INFO  c.c.dashboard.config.MongoConfig - Connecting to Mongo: Mongo{options=MongoClientOptions{description='null', readPreference=primary, writeConcern=WriteConcern{w=1, wtimeout=0, fsync=false, j=false, codecRegistry=org.bson.codecs.configuration.ProvidersCodecRegistry@c8ed842f, minConnectionsPerHost=0, maxConnectionsPerHost=100, threadsAllowedToBlockForConnectionMultiplier=5, serverSelectionTimeout=30000, maxWaitTime=120000, maxConnectionIdleTime=0, maxConnectionLifeTime=0, connectTimeout=10000, socketTimeout=0, socketKeepAlive=false, sslEnabled=false, sslInvalidHostNamesAllowed=false, alwaysUseMBeans=false, heartbeatFrequency=10000, minHeartbeatFrequency=500, heartbeatConnectTimeout=20000, heartbeatSocketTimeout=20000, localThreshold=15, requiredReplicaSetName='null', dbDecoderFactory=com.mongodb.DefaultDBDecoder$1@28cb9e91, dbEncoderFactory=com.mongodb.DefaultDBEncoder$1@2c628222, socketFactory=javax.net.DefaultSocketFactory@217669b5, cursorFinalizerEnabled=true, connectionPoolSettings=ConnectionPoolSettings{maxSize=100, minSize=0, maxWaitQueueSize=500, maxWaitTimeMS=120000, maxConnectionLifeTimeMS=0, maxConnectionIdleTimeMS=0, maintenanceInitialDelayMS=0, maintenanceFrequencyMS=60000}, socketSettings=SocketSettings{connectTimeoutMS=10000, readTimeoutMS=0, keepAlive=false, receiveBufferSize=0, sendBufferSize=0}, serverSettings=ServerSettings{heartbeatFrequencyMS=10000, minHeartbeatFrequencyMS=500}, heartbeatSocketSettings=SocketSettings{connectTimeoutMS=20000, readTimeoutMS=20000, keepAlive=false, receiveBufferSize=0, sendBufferSize=0}}}
2017-05-11 12:03:42,958 INFO  org.mongodb.driver.connection - Opened connection [connectionId{localValue:4, serverValue:167}] to localhost:27017
2017-05-11 12:03:42,989 INFO  org.mongodb.driver.cluster - Monitor thread successfully connected to server with description ServerDescription{address=localhost:27017, type=STANDALONE, state=CONNECTED, ok=true, version=ServerVersion{versionList=[3, 4, 2]}, minWireVersion=0, maxWireVersion=5, electionId=null, maxDocumentSize=16777216, roundTripTimeNanos=1392592}
2017-05-11 12:03:43,346 INFO  c.c.dashboard.config.MongoConfig - ReplicaSetfalse
2017-05-11 12:03:43,349 INFO  c.c.dashboard.config.MongoConfig - Initializing Mongo Client server at: localhost:27017
2017-05-11 12:03:43,357 INFO  org.mongodb.driver.cluster - Cluster created with settings {hosts=[localhost:27017], mode=SINGLE, requiredClusterType=UNKNOWN, serverSelectionTimeout='30000 ms', maxWaitQueueSize=500}
2017-05-11 12:03:43,370 INFO  c.c.dashboard.config.MongoConfig - Connecting to Mongo: Mongo{options=MongoClientOptions{description='null', readPreference=primary, writeConcern=WriteConcern{w=1, wtimeout=0, fsync=false, j=false, codecRegistry=org.bson.codecs.configuration.ProvidersCodecRegistry@c8ed842f, minConnectionsPerHost=0, maxConnectionsPerHost=100, threadsAllowedToBlockForConnectionMultiplier=5, serverSelectionTimeout=30000, maxWaitTime=120000, maxConnectionIdleTime=0, maxConnectionLifeTime=0, connectTimeout=10000, socketTimeout=0, socketKeepAlive=false, sslEnabled=false, sslInvalidHostNamesAllowed=false, alwaysUseMBeans=false, heartbeatFrequency=10000, minHeartbeatFrequency=500, heartbeatConnectTimeout=20000, heartbeatSocketTimeout=20000, localThreshold=15, requiredReplicaSetName='null', dbDecoderFactory=com.mongodb.DefaultDBDecoder$1@28cb9e91, dbEncoderFactory=com.mongodb.DefaultDBEncoder$1@2c628222, socketFactory=javax.net.DefaultSocketFactory@217669b5, cursorFinalizerEnabled=true, connectionPoolSettings=ConnectionPoolSettings{maxSize=100, minSize=0, maxWaitQueueSize=500, maxWaitTimeMS=120000, maxConnectionLifeTimeMS=0, maxConnectionIdleTimeMS=0, maintenanceInitialDelayMS=0, maintenanceFrequencyMS=60000}, socketSettings=SocketSettings{connectTimeoutMS=10000, readTimeoutMS=0, keepAlive=false, receiveBufferSize=0, sendBufferSize=0}, serverSettings=ServerSettings{heartbeatFrequencyMS=10000, minHeartbeatFrequencyMS=500}, heartbeatSocketSettings=SocketSettings{connectTimeoutMS=20000, readTimeoutMS=20000, keepAlive=false, receiveBufferSize=0, sendBufferSize=0}}}
2017-05-11 12:03:43,426 INFO  org.mongodb.driver.connection - Opened connection [connectionId{localValue:5, serverValue:168}] to localhost:27017
2017-05-11 12:03:43,441 INFO  org.mongodb.driver.cluster - Monitor thread successfully connected to server with description ServerDescription{address=localhost:27017, type=STANDALONE, state=CONNECTED, ok=true, version=ServerVersion{versionList=[3, 4, 2]}, minWireVersion=0, maxWireVersion=5, electionId=null, maxDocumentSize=16777216, roundTripTimeNanos=2197333}
2017-05-11 12:03:43,965 INFO  o.s.j.e.a.AnnotationMBeanExporter - Registering beans for JMX exposure on startup
2017-05-11 12:03:43,991 INFO  com.capitalone.dashboard.Application - Started Application in 9.333 seconds (JVM running for 11.069)
2017-05-11 12:04:26,206 INFO  o.s.c.a.AnnotationConfigApplicationContext - Closing org.springframework.context.annotation.AnnotationConfigApplicationContext@537f44f1: startup date [Thu May 11 12:03:35 IST 2017]; root of context hierarchy
2017-05-11 12:04:26,229 INFO  o.s.j.e.a.AnnotationMBeanExporter - Unregistering JMX-exposed beans on shutdown
2017-05-11 12:04:26,267 INFO  o.s.s.c.ThreadPoolTaskScheduler - Shutting down ExecutorService 'taskScheduler'
2017-05-11 12:09:59,855 INFO  com.capitalone.dashboard.Application - Starting Application v2.0.5-SNAPSHOT on PATRAG3 with PID 6768 (C:\HYGIEIA ORIGINAL\Hygieia-master\collectors\scm\github\target\github-scm-collector-2.0.5-SNAPSHOT.jar started by patrag in C:\HYGIEIA ORIGINAL\Hygieia-master\collectors\scm\github\target)
2017-05-11 12:09:59,930 INFO  o.s.c.a.AnnotationConfigApplicationContext - Refreshing org.springframework.context.annotation.AnnotationConfigApplicationContext@3b4af26f: startup date [Thu May 11 12:09:59 IST 2017]; root of context hierarchy
2017-05-11 12:10:01,388 INFO  c.u.j.EnableEncryptablePropertySourcesPostProcessor - Post-processing PropertySource instances
2017-05-11 12:10:01,421 INFO  c.u.j.c.StringEncryptorConfiguration - String Encryptor custom Bean not found with name 'jasyptStringEncryptor'. Initializing String Encryptor based on properties with name 'jasyptStringEncryptor'
2017-05-11 12:10:01,437 INFO  c.u.j.EnableEncryptablePropertySourcesPostProcessor - Converting PropertySource commandLineArgs [org.springframework.core.env.SimpleCommandLinePropertySource] to EncryptableEnumerablePropertySourceWrapper
2017-05-11 12:10:01,442 INFO  c.u.j.EnableEncryptablePropertySourcesPostProcessor - Converting PropertySource systemProperties [org.springframework.core.env.MapPropertySource] to EncryptableMapPropertySourceWrapper
2017-05-11 12:10:01,451 INFO  c.u.j.EnableEncryptablePropertySourcesPostProcessor - Converting PropertySource systemEnvironment [org.springframework.core.env.SystemEnvironmentPropertySource] to EncryptableMapPropertySourceWrapper
2017-05-11 12:10:01,462 INFO  c.u.j.EnableEncryptablePropertySourcesPostProcessor - Converting PropertySource random [org.springframework.boot.context.config.RandomValuePropertySource] to EncryptablePropertySourceWrapper
2017-05-11 12:10:01,479 INFO  o.s.b.f.a.AutowiredAnnotationBeanPostProcessor - JSR-330 'javax.inject.Inject' annotation found and supported for autowiring
2017-05-11 12:10:01,564 INFO  o.h.validator.internal.util.Version - HV000001: Hibernate Validator 5.1.3.Final
2017-05-11 12:10:03,727 INFO  o.s.s.c.ThreadPoolTaskScheduler - Initializing ExecutorService  'taskScheduler'
2017-05-11 12:10:04,067 INFO  c.c.dashboard.config.MongoConfig - ReplicaSetfalse
2017-05-11 12:10:04,071 INFO  c.c.dashboard.config.MongoConfig - Initializing Mongo Client server at: localhost:27017
2017-05-11 12:10:05,194 INFO  org.mongodb.driver.cluster - Cluster created with settings {hosts=[localhost:27017], mode=SINGLE, requiredClusterType=UNKNOWN, serverSelectionTimeout='30000 ms', maxWaitQueueSize=500}
2017-05-11 12:10:05,297 INFO  c.c.dashboard.config.MongoConfig - Connecting to Mongo: Mongo{options=MongoClientOptions{description='null', readPreference=primary, writeConcern=WriteConcern{w=1, wtimeout=0, fsync=false, j=false, codecRegistry=org.bson.codecs.configuration.ProvidersCodecRegistry@407e2dd1, minConnectionsPerHost=0, maxConnectionsPerHost=100, threadsAllowedToBlockForConnectionMultiplier=5, serverSelectionTimeout=30000, maxWaitTime=120000, maxConnectionIdleTime=0, maxConnectionLifeTime=0, connectTimeout=10000, socketTimeout=0, socketKeepAlive=false, sslEnabled=false, sslInvalidHostNamesAllowed=false, alwaysUseMBeans=false, heartbeatFrequency=10000, minHeartbeatFrequency=500, heartbeatConnectTimeout=20000, heartbeatSocketTimeout=20000, localThreshold=15, requiredReplicaSetName='null', dbDecoderFactory=com.mongodb.DefaultDBDecoder$1@7f3b7433, dbEncoderFactory=com.mongodb.DefaultDBEncoder$1@33399a3d, socketFactory=javax.net.DefaultSocketFactory@4bdd3b7d, cursorFinalizerEnabled=true, connectionPoolSettings=ConnectionPoolSettings{maxSize=100, minSize=0, maxWaitQueueSize=500, maxWaitTimeMS=120000, maxConnectionLifeTimeMS=0, maxConnectionIdleTimeMS=0, maintenanceInitialDelayMS=0, maintenanceFrequencyMS=60000}, socketSettings=SocketSettings{connectTimeoutMS=10000, readTimeoutMS=0, keepAlive=false, receiveBufferSize=0, sendBufferSize=0}, serverSettings=ServerSettings{heartbeatFrequencyMS=10000, minHeartbeatFrequencyMS=500}, heartbeatSocketSettings=SocketSettings{connectTimeoutMS=20000, readTimeoutMS=20000, keepAlive=false, receiveBufferSize=0, sendBufferSize=0}}}
2017-05-11 12:10:05,388 INFO  org.mongodb.driver.connection - Opened connection [connectionId{localValue:1, serverValue:169}] to localhost:27017
2017-05-11 12:10:05,393 INFO  org.mongodb.driver.cluster - Monitor thread successfully connected to server with description ServerDescription{address=localhost:27017, type=STANDALONE, state=CONNECTED, ok=true, version=ServerVersion{versionList=[3, 4, 2]}, minWireVersion=0, maxWireVersion=5, electionId=null, maxDocumentSize=16777216, roundTripTimeNanos=570074}
2017-05-11 12:10:05,902 WARN  o.s.c.a.AnnotationConfigApplicationContext - Exception encountered during context initialization - cancelling refresh attempt
org.springframework.beans.factory.BeanCreationException: Error creating bean with name 'gitHubCollectorTask': Invocation of init method failed; nested exception is java.lang.NullPointerException
	at org.springframework.beans.factory.annotation.InitDestroyAnnotationBeanPostProcessor.postProcessBeforeInitialization(InitDestroyAnnotationBeanPostProcessor.java:136) ~[spring-beans-4.1.7.RELEASE.jar!/:4.1.7.RELEASE]
	at org.springframework.beans.factory.support.AbstractAutowireCapableBeanFactory.applyBeanPostProcessorsBeforeInitialization(AbstractAutowireCapableBeanFactory.java:408) ~[spring-beans-4.1.7.RELEASE.jar!/:4.1.7.RELEASE]
	at org.springframework.beans.factory.support.AbstractAutowireCapableBeanFactory.initializeBean(AbstractAutowireCapableBeanFactory.java:1566) ~[spring-beans-4.1.7.RELEASE.jar!/:4.1.7.RELEASE]
	at org.springframework.beans.factory.support.AbstractAutowireCapableBeanFactory.doCreateBean(AbstractAutowireCapableBeanFactory.java:539) ~[spring-beans-4.1.7.RELEASE.jar!/:4.1.7.RELEASE]
	at org.springframework.beans.factory.support.AbstractAutowireCapableBeanFactory.createBean(AbstractAutowireCapableBeanFactory.java:476) ~[spring-beans-4.1.7.RELEASE.jar!/:4.1.7.RELEASE]
	at org.springframework.beans.factory.support.AbstractBeanFactory$1.getObject(AbstractBeanFactory.java:303) ~[spring-beans-4.1.7.RELEASE.jar!/:4.1.7.RELEASE]
	at org.springframework.beans.factory.support.DefaultSingletonBeanRegistry.getSingleton(DefaultSingletonBeanRegistry.java:230) ~[spring-beans-4.1.7.RELEASE.jar!/:4.1.7.RELEASE]
	at org.springframework.beans.factory.support.AbstractBeanFactory.doGetBean(AbstractBeanFactory.java:299) ~[spring-beans-4.1.7.RELEASE.jar!/:4.1.7.RELEASE]
	at org.springframework.beans.factory.support.AbstractBeanFactory.getBean(AbstractBeanFactory.java:194) ~[spring-beans-4.1.7.RELEASE.jar!/:4.1.7.RELEASE]
	at org.springframework.beans.factory.support.DefaultListableBeanFactory.preInstantiateSingletons(DefaultListableBeanFactory.java:755) ~[spring-beans-4.1.7.RELEASE.jar!/:4.1.7.RELEASE]
	at org.springframework.context.support.AbstractApplicationContext.finishBeanFactoryInitialization(AbstractApplicationContext.java:757) ~[spring-context-4.1.7.RELEASE.jar!/:4.1.7.RELEASE]
	at org.springframework.context.support.AbstractApplicationContext.refresh(AbstractApplicationContext.java:480) ~[spring-context-4.1.7.RELEASE.jar!/:4.1.7.RELEASE]
	at org.springframework.boot.SpringApplication.refresh(SpringApplication.java:686) [spring-boot-1.2.5.RELEASE.jar!/:1.2.5.RELEASE]
	at org.springframework.boot.SpringApplication.run(SpringApplication.java:320) [spring-boot-1.2.5.RELEASE.jar!/:1.2.5.RELEASE]
	at org.springframework.boot.SpringApplication.run(SpringApplication.java:957) [spring-boot-1.2.5.RELEASE.jar!/:1.2.5.RELEASE]
	at org.springframework.boot.SpringApplication.run(SpringApplication.java:946) [spring-boot-1.2.5.RELEASE.jar!/:1.2.5.RELEASE]
	at com.capitalone.dashboard.Application.main(Application.java:13) [github-scm-collector-2.0.5-SNAPSHOT.jar!/:2.0.5-SNAPSHOT]
	at sun.reflect.NativeMethodAccessorImpl.invoke0(Native Method) ~[na:1.8.0_121]
	at sun.reflect.NativeMethodAccessorImpl.invoke(NativeMethodAccessorImpl.java:62) ~[na:1.8.0_121]
	at sun.reflect.DelegatingMethodAccessorImpl.invoke(DelegatingMethodAccessorImpl.java:43) ~[na:1.8.0_121]
	at java.lang.reflect.Method.invoke(Method.java:498) ~[na:1.8.0_121]
	at org.springframework.boot.loader.MainMethodRunner.run(MainMethodRunner.java:53) [github-scm-collector-2.0.5-SNAPSHOT.jar!/:2.0.5-SNAPSHOT]
	at java.lang.Thread.run(Thread.java:745) [na:1.8.0_121]
Caused by: java.lang.NullPointerException: null
	at org.springframework.scheduling.support.CronSequenceGenerator.parse(CronSequenceGenerator.java:265) ~[spring-context-4.1.7.RELEASE.jar!/:4.1.7.RELEASE]
	at org.springframework.scheduling.support.CronSequenceGenerator.<init>(CronSequenceGenerator.java:95) ~[spring-context-4.1.7.RELEASE.jar!/:4.1.7.RELEASE]
	at org.springframework.scheduling.support.CronSequenceGenerator.<init>(CronSequenceGenerator.java:82) ~[spring-context-4.1.7.RELEASE.jar!/:4.1.7.RELEASE]
	at org.springframework.scheduling.support.CronTrigger.<init>(CronTrigger.java:44) ~[spring-context-4.1.7.RELEASE.jar!/:4.1.7.RELEASE]
	at com.capitalone.dashboard.collector.CollectorTask.onStartup(CollectorTask.java:73) ~[core-2.0.5-SNAPSHOT.jar!/:2.0.5-SNAPSHOT]
	at sun.reflect.NativeMethodAccessorImpl.invoke0(Native Method) ~[na:1.8.0_121]
	at sun.reflect.NativeMethodAccessorImpl.invoke(NativeMethodAccessorImpl.java:62) ~[na:1.8.0_121]
	at sun.reflect.DelegatingMethodAccessorImpl.invoke(DelegatingMethodAccessorImpl.java:43) ~[na:1.8.0_121]
	at java.lang.reflect.Method.invoke(Method.java:498) ~[na:1.8.0_121]
	at org.springframework.beans.factory.annotation.InitDestroyAnnotationBeanPostProcessor$LifecycleElement.invoke(InitDestroyAnnotationBeanPostProcessor.java:349) ~[spring-beans-4.1.7.RELEASE.jar!/:4.1.7.RELEASE]
	at org.springframework.beans.factory.annotation.InitDestroyAnnotationBeanPostProcessor$LifecycleMetadata.invokeInitMethods(InitDestroyAnnotationBeanPostProcessor.java:300) ~[spring-beans-4.1.7.RELEASE.jar!/:4.1.7.RELEASE]
	at org.springframework.beans.factory.annotation.InitDestroyAnnotationBeanPostProcessor.postProcessBeforeInitialization(InitDestroyAnnotationBeanPostProcessor.java:133) ~[spring-beans-4.1.7.RELEASE.jar!/:4.1.7.RELEASE]
	... 22 common frames omitted
2017-05-11 12:10:06,033 INFO  o.s.s.c.ThreadPoolTaskScheduler - Shutting down ExecutorService 'taskScheduler'
2017-05-11 12:10:06,053 INFO  o.s.b.l.ClasspathLoggingApplicationListener - Application failed to start with classpath: [jar:file:/C:/HYGIEIA%20ORIGINAL/Hygieia-master/collectors/scm/github/target/github-scm-collector-2.0.5-SNAPSHOT.jar!/, jar:file:/C:/HYGIEIA%20ORIGINAL/Hygieia-master/collectors/scm/github/target/github-scm-collector-2.0.5-SNAPSHOT.jar!/lib/commons-lang3-3.3.2.jar!/, jar:file:/C:/HYGIEIA%20ORIGINAL/Hygieia-master/collectors/scm/github/target/github-scm-collector-2.0.5-SNAPSHOT.jar!/lib/httpclient-4.3.6.jar!/, jar:file:/C:/HYGIEIA%20ORIGINAL/Hygieia-master/collectors/scm/github/target/github-scm-collector-2.0.5-SNAPSHOT.jar!/lib/httpcore-4.3.3.jar!/, jar:file:/C:/HYGIEIA%20ORIGINAL/Hygieia-master/collectors/scm/github/target/github-scm-collector-2.0.5-SNAPSHOT.jar!/lib/core-2.0.5-SNAPSHOT.jar!/, jar:file:/C:/HYGIEIA%20ORIGINAL/Hygieia-master/collectors/scm/github/target/github-scm-collector-2.0.5-SNAPSHOT.jar!/lib/spring-boot-1.2.5.RELEASE.jar!/, jar:file:/C:/HYGIEIA%20ORIGINAL/Hygieia-master/collectors/scm/github/target/github-scm-collector-2.0.5-SNAPSHOT.jar!/lib/spring-test-4.1.7.RELEASE.jar!/, jar:file:/C:/HYGIEIA%20ORIGINAL/Hygieia-master/collectors/scm/github/target/github-scm-collector-2.0.5-SNAPSHOT.jar!/lib/spring-data-mongodb-1.8.0.RELEASE.jar!/, jar:file:/C:/HYGIEIA%20ORIGINAL/Hygieia-master/collectors/scm/github/target/github-scm-collector-2.0.5-SNAPSHOT.jar!/lib/spring-expression-4.1.7.RELEASE.jar!/, jar:file:/C:/HYGIEIA%20ORIGINAL/Hygieia-master/collectors/scm/github/target/github-scm-collector-2.0.5-SNAPSHOT.jar!/lib/spring-data-commons-1.11.0.RELEASE.jar!/, jar:file:/C:/HYGIEIA%20ORIGINAL/Hygieia-master/collectors/scm/github/target/github-scm-collector-2.0.5-SNAPSHOT.jar!/lib/slf4j-api-1.7.12.jar!/, jar:file:/C:/HYGIEIA%20ORIGINAL/Hygieia-master/collectors/scm/github/target/github-scm-collector-2.0.5-SNAPSHOT.jar!/lib/jcl-over-slf4j-1.7.12.jar!/, jar:file:/C:/HYGIEIA%20ORIGINAL/Hygieia-master/collectors/scm/github/target/github-scm-collector-2.0.5-SNAPSHOT.jar!/lib/querydsl-jpa-3.6.0.jar!/, jar:file:/C:/HYGIEIA%20ORIGINAL/Hygieia-master/collectors/scm/github/target/github-scm-collector-2.0.5-SNAPSHOT.jar!/lib/querydsl-core-3.6.0.jar!/, jar:file:/C:/HYGIEIA%20ORIGINAL/Hygieia-master/collectors/scm/github/target/github-scm-collector-2.0.5-SNAPSHOT.jar!/lib/guava-18.0.jar!/, jar:file:/C:/HYGIEIA%20ORIGINAL/Hygieia-master/collectors/scm/github/target/github-scm-collector-2.0.5-SNAPSHOT.jar!/lib/jsr305-1.3.9.jar!/, jar:file:/C:/HYGIEIA%20ORIGINAL/Hygieia-master/collectors/scm/github/target/github-scm-collector-2.0.5-SNAPSHOT.jar!/lib/mysema-commons-lang-0.2.4.jar!/, jar:file:/C:/HYGIEIA%20ORIGINAL/Hygieia-master/collectors/scm/github/target/github-scm-collector-2.0.5-SNAPSHOT.jar!/lib/bridge-method-annotation-1.13.jar!/, jar:file:/C:/HYGIEIA%20ORIGINAL/Hygieia-master/collectors/scm/github/target/github-scm-collector-2.0.5-SNAPSHOT.jar!/lib/querydsl-apt-3.6.0.jar!/, jar:file:/C:/HYGIEIA%20ORIGINAL/Hygieia-master/collectors/scm/github/target/github-scm-collector-2.0.5-SNAPSHOT.jar!/lib/querydsl-codegen-3.6.0.jar!/, jar:file:/C:/HYGIEIA%20ORIGINAL/Hygieia-master/collectors/scm/github/target/github-scm-collector-2.0.5-SNAPSHOT.jar!/lib/codegen-0.6.5.jar!/, jar:file:/C:/HYGIEIA%20ORIGINAL/Hygieia-master/collectors/scm/github/target/github-scm-collector-2.0.5-SNAPSHOT.jar!/lib/ecj-4.3.1.jar!/, jar:file:/C:/HYGIEIA%20ORIGINAL/Hygieia-master/collectors/scm/github/target/github-scm-collector-2.0.5-SNAPSHOT.jar!/lib/javax.inject-1.jar!/, jar:file:/C:/HYGIEIA%20ORIGINAL/Hygieia-master/collectors/scm/github/target/github-scm-collector-2.0.5-SNAPSHOT.jar!/lib/querydsl-mongodb-3.6.0.jar!/, jar:file:/C:/HYGIEIA%20ORIGINAL/Hygieia-master/collectors/scm/github/target/github-scm-collector-2.0.5-SNAPSHOT.jar!/lib/jasypt-spring-boot-starter-1.9.jar!/, jar:file:/C:/HYGIEIA%20ORIGINAL/Hygieia-master/collectors/scm/github/target/github-scm-collector-2.0.5-SNAPSHOT.jar!/lib/jasypt-spring-boot-1.9.jar!/, jar:file:/C:/HYGIEIA%20ORIGINAL/Hygieia-master/collectors/scm/github/target/github-scm-collector-2.0.5-SNAPSHOT.jar!/lib/jasypt-1.9.2.jar!/, jar:file:/C:/HYGIEIA%20ORIGINAL/Hygieia-master/collectors/scm/github/target/github-scm-collector-2.0.5-SNAPSHOT.jar!/lib/validation-api-1.1.0.Final.jar!/, jar:file:/C:/HYGIEIA%20ORIGINAL/Hygieia-master/collectors/scm/github/target/github-scm-collector-2.0.5-SNAPSHOT.jar!/lib/hibernate-validator-5.1.3.Final.jar!/, jar:file:/C:/HYGIEIA%20ORIGINAL/Hygieia-master/collectors/scm/github/target/github-scm-collector-2.0.5-SNAPSHOT.jar!/lib/jboss-logging-3.1.3.GA.jar!/, jar:file:/C:/HYGIEIA%20ORIGINAL/Hygieia-master/collectors/scm/github/target/github-scm-collector-2.0.5-SNAPSHOT.jar!/lib/classmate-1.0.0.jar!/, jar:file:/C:/HYGIEIA%20ORIGINAL/Hygieia-master/collectors/scm/github/target/github-scm-collector-2.0.5-SNAPSHOT.jar!/lib/javax.el-api-2.2.4.jar!/, jar:file:/C:/HYGIEIA%20ORIGINAL/Hygieia-master/collectors/scm/github/target/github-scm-collector-2.0.5-SNAPSHOT.jar!/lib/commons-beanutils-1.9.2.jar!/, jar:file:/C:/HYGIEIA%20ORIGINAL/Hygieia-master/collectors/scm/github/target/github-scm-collector-2.0.5-SNAPSHOT.jar!/lib/commons-collections-3.2.1.jar!/, jar:file:/C:/HYGIEIA%20ORIGINAL/Hygieia-master/collectors/scm/github/target/github-scm-collector-2.0.5-SNAPSHOT.jar!/lib/json-simple-1.1.1.jar!/, jar:file:/C:/HYGIEIA%20ORIGINAL/Hygieia-master/collectors/scm/github/target/github-scm-collector-2.0.5-SNAPSHOT.jar!/lib/junit-4.12.jar!/, jar:file:/C:/HYGIEIA%20ORIGINAL/Hygieia-master/collectors/scm/github/target/github-scm-collector-2.0.5-SNAPSHOT.jar!/lib/commons-codec-1.9.jar!/, jar:file:/C:/HYGIEIA%20ORIGINAL/Hygieia-master/collectors/scm/github/target/github-scm-collector-2.0.5-SNAPSHOT.jar!/lib/joda-time-2.7.jar!/, jar:file:/C:/HYGIEIA%20ORIGINAL/Hygieia-master/collectors/scm/github/target/github-scm-collector-2.0.5-SNAPSHOT.jar!/lib/joda-convert-1.8.1.jar!/, jar:file:/C:/HYGIEIA%20ORIGINAL/Hygieia-master/collectors/scm/github/target/github-scm-collector-2.0.5-SNAPSHOT.jar!/lib/spring-web-4.1.7.RELEASE.jar!/, jar:file:/C:/HYGIEIA%20ORIGINAL/Hygieia-master/collectors/scm/github/target/github-scm-collector-2.0.5-SNAPSHOT.jar!/lib/spring-aop-4.1.7.RELEASE.jar!/, jar:file:/C:/HYGIEIA%20ORIGINAL/Hygieia-master/collectors/scm/github/target/github-scm-collector-2.0.5-SNAPSHOT.jar!/lib/aopalliance-1.0.jar!/, jar:file:/C:/HYGIEIA%20ORIGINAL/Hygieia-master/collectors/scm/github/target/github-scm-collector-2.0.5-SNAPSHOT.jar!/lib/spring-beans-4.1.7.RELEASE.jar!/, jar:file:/C:/HYGIEIA%20ORIGINAL/Hygieia-master/collectors/scm/github/target/github-scm-collector-2.0.5-SNAPSHOT.jar!/lib/spring-context-4.1.7.RELEASE.jar!/, jar:file:/C:/HYGIEIA%20ORIGINAL/Hygieia-master/collectors/scm/github/target/github-scm-collector-2.0.5-SNAPSHOT.jar!/lib/spring-core-4.1.7.RELEASE.jar!/, jar:file:/C:/HYGIEIA%20ORIGINAL/Hygieia-master/collectors/scm/github/target/github-scm-collector-2.0.5-SNAPSHOT.jar!/lib/spring-boot-starter-data-mongodb-1.2.5.RELEASE.jar!/, jar:file:/C:/HYGIEIA%20ORIGINAL/Hygieia-master/collectors/scm/github/target/github-scm-collector-2.0.5-SNAPSHOT.jar!/lib/spring-boot-starter-1.2.5.RELEASE.jar!/, jar:file:/C:/HYGIEIA%20ORIGINAL/Hygieia-master/collectors/scm/github/target/github-scm-collector-2.0.5-SNAPSHOT.jar!/lib/spring-boot-autoconfigure-1.2.5.RELEASE.jar!/, jar:file:/C:/HYGIEIA%20ORIGINAL/Hygieia-master/collectors/scm/github/target/github-scm-collector-2.0.5-SNAPSHOT.jar!/lib/spring-boot-starter-logging-1.2.5.RELEASE.jar!/, jar:file:/C:/HYGIEIA%20ORIGINAL/Hygieia-master/collectors/scm/github/target/github-scm-collector-2.0.5-SNAPSHOT.jar!/lib/jul-to-slf4j-1.7.12.jar!/, jar:file:/C:/HYGIEIA%20ORIGINAL/Hygieia-master/collectors/scm/github/target/github-scm-collector-2.0.5-SNAPSHOT.jar!/lib/log4j-over-slf4j-1.7.12.jar!/, jar:file:/C:/HYGIEIA%20ORIGINAL/Hygieia-master/collectors/scm/github/target/github-scm-collector-2.0.5-SNAPSHOT.jar!/lib/logback-classic-1.1.3.jar!/, jar:file:/C:/HYGIEIA%20ORIGINAL/Hygieia-master/collectors/scm/github/target/github-scm-collector-2.0.5-SNAPSHOT.jar!/lib/logback-core-1.1.3.jar!/, jar:file:/C:/HYGIEIA%20ORIGINAL/Hygieia-master/collectors/scm/github/target/github-scm-collector-2.0.5-SNAPSHOT.jar!/lib/snakeyaml-1.14.jar!/, jar:file:/C:/HYGIEIA%20ORIGINAL/Hygieia-master/collectors/scm/github/target/github-scm-collector-2.0.5-SNAPSHOT.jar!/lib/mongo-java-driver-3.0.2.jar!/, jar:file:/C:/HYGIEIA%20ORIGINAL/Hygieia-master/collectors/scm/github/target/github-scm-collector-2.0.5-SNAPSHOT.jar!/lib/spring-tx-4.1.7.RELEASE.jar!/, jar:file:/C:/HYGIEIA%20ORIGINAL/Hygieia-master/collectors/scm/github/target/github-scm-collector-2.0.5-SNAPSHOT.jar!/lib/hamcrest-core-1.3.jar!/]
2017-05-11 12:10:06,271 INFO  o.s.b.a.l.AutoConfigurationReportLoggingInitializer - 

Error starting ApplicationContext. To display the auto-configuration report enable debug logging (start with --debug)


2017-05-11 12:10:06,278 ERROR o.s.boot.SpringApplication - Application startup failed
org.springframework.beans.factory.BeanCreationException: Error creating bean with name 'gitHubCollectorTask': Invocation of init method failed; nested exception is java.lang.NullPointerException
	at org.springframework.beans.factory.annotation.InitDestroyAnnotationBeanPostProcessor.postProcessBeforeInitialization(InitDestroyAnnotationBeanPostProcessor.java:136) ~[spring-beans-4.1.7.RELEASE.jar!/:4.1.7.RELEASE]
	at org.springframework.beans.factory.support.AbstractAutowireCapableBeanFactory.applyBeanPostProcessorsBeforeInitialization(AbstractAutowireCapableBeanFactory.java:408) ~[spring-beans-4.1.7.RELEASE.jar!/:4.1.7.RELEASE]
	at org.springframework.beans.factory.support.AbstractAutowireCapableBeanFactory.initializeBean(AbstractAutowireCapableBeanFactory.java:1566) ~[spring-beans-4.1.7.RELEASE.jar!/:4.1.7.RELEASE]
	at org.springframework.beans.factory.support.AbstractAutowireCapableBeanFactory.doCreateBean(AbstractAutowireCapableBeanFactory.java:539) ~[spring-beans-4.1.7.RELEASE.jar!/:4.1.7.RELEASE]
	at org.springframework.beans.factory.support.AbstractAutowireCapableBeanFactory.createBean(AbstractAutowireCapableBeanFactory.java:476) ~[spring-beans-4.1.7.RELEASE.jar!/:4.1.7.RELEASE]
	at org.springframework.beans.factory.support.AbstractBeanFactory$1.getObject(AbstractBeanFactory.java:303) ~[spring-beans-4.1.7.RELEASE.jar!/:4.1.7.RELEASE]
	at org.springframework.beans.factory.support.DefaultSingletonBeanRegistry.getSingleton(DefaultSingletonBeanRegistry.java:230) ~[spring-beans-4.1.7.RELEASE.jar!/:4.1.7.RELEASE]
	at org.springframework.beans.factory.support.AbstractBeanFactory.doGetBean(AbstractBeanFactory.java:299) ~[spring-beans-4.1.7.RELEASE.jar!/:4.1.7.RELEASE]
	at org.springframework.beans.factory.support.AbstractBeanFactory.getBean(AbstractBeanFactory.java:194) ~[spring-beans-4.1.7.RELEASE.jar!/:4.1.7.RELEASE]
	at org.springframework.beans.factory.support.DefaultListableBeanFactory.preInstantiateSingletons(DefaultListableBeanFactory.java:755) ~[spring-beans-4.1.7.RELEASE.jar!/:4.1.7.RELEASE]
	at org.springframework.context.support.AbstractApplicationContext.finishBeanFactoryInitialization(AbstractApplicationContext.java:757) ~[spring-context-4.1.7.RELEASE.jar!/:4.1.7.RELEASE]
	at org.springframework.context.support.AbstractApplicationContext.refresh(AbstractApplicationContext.java:480) ~[spring-context-4.1.7.RELEASE.jar!/:4.1.7.RELEASE]
	at org.springframework.boot.SpringApplication.refresh(SpringApplication.java:686) [spring-boot-1.2.5.RELEASE.jar!/:1.2.5.RELEASE]
	at org.springframework.boot.SpringApplication.run(SpringApplication.java:320) [spring-boot-1.2.5.RELEASE.jar!/:1.2.5.RELEASE]
	at org.springframework.boot.SpringApplication.run(SpringApplication.java:957) [spring-boot-1.2.5.RELEASE.jar!/:1.2.5.RELEASE]
	at org.springframework.boot.SpringApplication.run(SpringApplication.java:946) [spring-boot-1.2.5.RELEASE.jar!/:1.2.5.RELEASE]
	at com.capitalone.dashboard.Application.main(Application.java:13) [github-scm-collector-2.0.5-SNAPSHOT.jar!/:2.0.5-SNAPSHOT]
	at sun.reflect.NativeMethodAccessorImpl.invoke0(Native Method) ~[na:1.8.0_121]
	at sun.reflect.NativeMethodAccessorImpl.invoke(NativeMethodAccessorImpl.java:62) ~[na:1.8.0_121]
	at sun.reflect.DelegatingMethodAccessorImpl.invoke(DelegatingMethodAccessorImpl.java:43) ~[na:1.8.0_121]
	at java.lang.reflect.Method.invoke(Method.java:498) ~[na:1.8.0_121]
	at org.springframework.boot.loader.MainMethodRunner.run(MainMethodRunner.java:53) [github-scm-collector-2.0.5-SNAPSHOT.jar!/:2.0.5-SNAPSHOT]
	at java.lang.Thread.run(Thread.java:745) [na:1.8.0_121]
Caused by: java.lang.NullPointerException: null
	at org.springframework.scheduling.support.CronSequenceGenerator.parse(CronSequenceGenerator.java:265) ~[spring-context-4.1.7.RELEASE.jar!/:4.1.7.RELEASE]
	at org.springframework.scheduling.support.CronSequenceGenerator.<init>(CronSequenceGenerator.java:95) ~[spring-context-4.1.7.RELEASE.jar!/:4.1.7.RELEASE]
	at org.springframework.scheduling.support.CronSequenceGenerator.<init>(CronSequenceGenerator.java:82) ~[spring-context-4.1.7.RELEASE.jar!/:4.1.7.RELEASE]
	at org.springframework.scheduling.support.CronTrigger.<init>(CronTrigger.java:44) ~[spring-context-4.1.7.RELEASE.jar!/:4.1.7.RELEASE]
	at com.capitalone.dashboard.collector.CollectorTask.onStartup(CollectorTask.java:73) ~[core-2.0.5-SNAPSHOT.jar!/:2.0.5-SNAPSHOT]
	at sun.reflect.NativeMethodAccessorImpl.invoke0(Native Method) ~[na:1.8.0_121]
	at sun.reflect.NativeMethodAccessorImpl.invoke(NativeMethodAccessorImpl.java:62) ~[na:1.8.0_121]
	at sun.reflect.DelegatingMethodAccessorImpl.invoke(DelegatingMethodAccessorImpl.java:43) ~[na:1.8.0_121]
	at java.lang.reflect.Method.invoke(Method.java:498) ~[na:1.8.0_121]
	at org.springframework.beans.factory.annotation.InitDestroyAnnotationBeanPostProcessor$LifecycleElement.invoke(InitDestroyAnnotationBeanPostProcessor.java:349) ~[spring-beans-4.1.7.RELEASE.jar!/:4.1.7.RELEASE]
	at org.springframework.beans.factory.annotation.InitDestroyAnnotationBeanPostProcessor$LifecycleMetadata.invokeInitMethods(InitDestroyAnnotationBeanPostProcessor.java:300) ~[spring-beans-4.1.7.RELEASE.jar!/:4.1.7.RELEASE]
	at org.springframework.beans.factory.annotation.InitDestroyAnnotationBeanPostProcessor.postProcessBeforeInitialization(InitDestroyAnnotationBeanPostProcessor.java:133) ~[spring-beans-4.1.7.RELEASE.jar!/:4.1.7.RELEASE]
	... 22 common frames omitted
